00:00:00.253045 VirtualBox GUI VM Selector Window 7.0.20 r163906 linux.amd64 (Jul 11 2024 11:19:12) release log
00:00:00.253046 Log opened 2024-08-13T17:34:43.883238000Z
00:00:00.253046 Build Type: release
00:00:00.253048 OS Product: Linux
00:00:00.253048 OS Release: 6.8.0-40-generic
00:00:00.253049 OS Version: #40-Ubuntu SMP PREEMPT_DYNAMIC Fri Jul  5 10:34:03 UTC 2024
00:00:00.253059 DMI Product Name: B650M DS3H
00:00:00.253064 DMI Product Version: Default string
00:00:00.253068 Firmware type: UEFI
00:00:00.253118 Secure Boot: Disabled
00:00:00.253147 Host RAM: 63437MB (61.9GB) total, 59167MB (57.7GB) available
00:00:00.253150 Executable: /usr/lib/virtualbox/VirtualBox
00:00:00.253150 Process ID: 45662
00:00:00.253150 Package type: LINUX_64BITS_UBUNTU_24_04
00:00:00.253167 Qt version: 5.15.13
00:00:00.253484 GUI: UIMediumEnumerator: Initial medium-enumeration finished!
00:00:00.285604 GUI: UIMediumEnumerator: Medium-enumeration started...
00:00:00.285610 GUI: UIMediumEnumerator: Medium-enumeration finished!
00:00:00.550104 GUI: UIDesktopWidgetWatchdog::sltHandleHostScreenAvailableGeometryCalculated: Screen 0 work area is actually resized to: 1920x0 x 1920x1040
00:00:00.553770 GUI: UIDesktopWidgetWatchdog::sltHandleHostScreenAvailableGeometryCalculated: Screen 1 work area is actually resized to: 0x0 x 1920x1080
00:02:14.841980 GUI: UIMediumEnumerator: Medium with key={{7a5c28b8-c677-4d99-b33d-bb2c5c07e79c}} created
00:02:14.953559 GUI: UIMediumEnumerator: Medium-enumeration finished!
00:02:21.469154 GUI: UIMediumEnumerator: Medium-enumeration finished!
00:02:24.750051 GUI: UIMediumEnumerator: Medium-enumeration finished!
00:02:25.350057 GUI: UIMediumEnumerator: Medium-enumeration finished!
00:02:30.169035 GUI: UIMediumEnumerator: Medium-enumeration finished!
00:02:31.172372 GUI: UIMediumEnumerator: Medium-enumeration finished!
00:02:43.798781 GUI: UIMediumEnumerator: Medium-enumeration finished!
00:02:56.270032 GUI: UIMediumEnumerator: Medium-enumeration finished!
00:08:23.812526 GUI: UIMediumEnumerator: Medium-enumeration finished!
00:08:37.163632 GUI: UIMediumEnumerator: Medium-enumeration finished!
00:08:51.216974 GUI: UICommon: Handling aboutToQuit request..
00:08:52.035015 GUI: UICommon: aboutToQuit request handled!
